C:\USERS\GANDALF\DESKTOP\PROGRAMMIN PROJECTS\C++\TEXT ADVENTURE\TEXTADVENTURES\TEXTADVENTURES\DEBUG\TEXTADVENTURES.PCH
C:\USERS\GANDALF\DESKTOP\PROGRAMMIN PROJECTS\C++\TEXT ADVENTURE\TEXTADVENTURES\TEXTADVENTURES\DEBUG\STDAFX.OBJ
C:\USERS\GANDALF\DESKTOP\PROGRAMMIN PROJECTS\C++\TEXT ADVENTURE\TEXTADVENTURES\TEXTADVENTURES\DEBUG\VC110.PDB
C:\USERS\GANDALF\DESKTOP\PROGRAMMIN PROJECTS\C++\TEXT ADVENTURE\TEXTADVENTURES\TEXTADVENTURES\DEBUG\TEXTADVENTURES.OBJ
C:\USERS\GANDALF\DESKTOP\PROGRAMMIN PROJECTS\C++\TEXT ADVENTURE\TEXTADVENTURES\DEBUG\TEXTADVENTURES.ILK
C:\USERS\GANDALF\DESKTOP\PROGRAMMIN PROJECTS\C++\TEXT ADVENTURE\TEXTADVENTURES\DEBUG\TEXTADVENTURES.EXE
C:\USERS\GANDALF\DESKTOP\PROGRAMMIN PROJECTS\C++\TEXT ADVENTURE\TEXTADVENTURES\DEBUG\TEXTADVENTURES.PDB
C:\Users\Gandalf\Desktop\Programmin Projects\C++\Text Adventure\TextAdventures\TextAdventures\Debug\stdafx.obj
C:\Users\Gandalf\Desktop\Programmin Projects\C++\Text Adventure\TextAdventures\TextAdventures\Debug\TextAdventures.obj
C:\Users\Gandalf\Desktop\Programmin Projects\C++\Text Adventure\TextAdventures\TextAdventures\Debug\cl.command.1.tlog
C:\Users\Gandalf\Desktop\Programmin Projects\C++\Text Adventure\TextAdventures\TextAdventures\Debug\CL.read.1.tlog
C:\Users\Gandalf\Desktop\Programmin Projects\C++\Text Adventure\TextAdventures\TextAdventures\Debug\CL.write.1.tlog
C:\Users\Gandalf\Desktop\Programmin Projects\C++\Text Adventure\TextAdventures\TextAdventures\Debug\link-cvtres.read.1.tlog
C:\Users\Gandalf\Desktop\Programmin Projects\C++\Text Adventure\TextAdventures\TextAdventures\Debug\link-cvtres.write.1.tlog
C:\Users\Gandalf\Desktop\Programmin Projects\C++\Text Adventure\TextAdventures\TextAdventures\Debug\link-rc.read.1.tlog
C:\Users\Gandalf\Desktop\Programmin Projects\C++\Text Adventure\TextAdventures\TextAdventures\Debug\link-rc.write.1.tlog
C:\Users\Gandalf\Desktop\Programmin Projects\C++\Text Adventure\TextAdventures\TextAdventures\Debug\link.command.1.tlog
C:\Users\Gandalf\Desktop\Programmin Projects\C++\Text Adventure\TextAdventures\TextAdventures\Debug\link.read.1.tlog
C:\Users\Gandalf\Desktop\Programmin Projects\C++\Text Adventure\TextAdventures\TextAdventures\Debug\link.write.1.tlog
C:\Users\Gandalf\Desktop\Programmin Projects\C++\Text Adventure\TextAdventures\TextAdventures\Debug\TextAdventures.pch
C:\Users\Gandalf\Desktop\Programmin Projects\C++\Text Adventure\TextAdventures\TextAdventures\Debug\vc110.idb
C:\Users\Gandalf\Desktop\Programmin Projects\C++\Text Adventure\TextAdventures\TextAdventures\Debug\vc110.pdb
C:\Users\Gandalf\Desktop\Programmin Projects\C++\Text Adventure\TextAdventures\Debug\TextAdventures.pdb
C:\Users\Gandalf\Desktop\Programmin Projects\C++\Text Adventure\TextAdventures\Debug\TextAdventures.exe
C:\Users\Gandalf\Desktop\Programmin Projects\C++\Text Adventure\TextAdventures\Debug\TextAdventures.ilk
