C:\USERS\GANDALF\DESKTOP\PROGRAMMIN PROJECTS\C++\TEXT ADVENTURE\TEXTADVENTURE\TEXTADVENTURE\DEBUG\TEXTADVENTURE.PCH
C:\USERS\GANDALF\DESKTOP\PROGRAMMIN PROJECTS\C++\TEXT ADVENTURE\TEXTADVENTURE\TEXTADVENTURE\DEBUG\STDAFX.OBJ
C:\USERS\GANDALF\DESKTOP\PROGRAMMIN PROJECTS\C++\TEXT ADVENTURE\TEXTADVENTURE\TEXTADVENTURE\DEBUG\VC110.PDB
C:\USERS\GANDALF\DESKTOP\PROGRAMMIN PROJECTS\C++\TEXT ADVENTURE\TEXTADVENTURE\TEXTADVENTURE\DEBUG\TEXTADVENTURE.OBJ
C:\USERS\GANDALF\DESKTOP\PROGRAMMIN PROJECTS\C++\TEXT ADVENTURE\TEXTADVENTURE\DEBUG\TEXTADVENTURE.ILK
C:\USERS\GANDALF\DESKTOP\PROGRAMMIN PROJECTS\C++\TEXT ADVENTURE\TEXTADVENTURE\DEBUG\TEXTADVENTURE.EXE
C:\USERS\GANDALF\DESKTOP\PROGRAMMIN PROJECTS\C++\TEXT ADVENTURE\TEXTADVENTURE\DEBUG\TEXTADVENTURE.PDB
C:\USERS\GANDALF\DESKTOP\PROGRAMMIN PROJECTS\C++\TEXT ADVENTURE\TEXTADVENTURE\TEXTADVENTURE\DEBUG\TEXTADVENTURE.RES
C:\Users\Gandalf\Desktop\Programmin Projects\C++\Text Adventure\TextAdventure\TextAdventure\Debug\stdafx.obj
C:\Users\Gandalf\Desktop\Programmin Projects\C++\Text Adventure\TextAdventure\TextAdventure\Debug\TextAdventure.obj
C:\Users\Gandalf\Desktop\Programmin Projects\C++\Text Adventure\TextAdventure\TextAdventure\Debug\cl.command.1.tlog
C:\Users\Gandalf\Desktop\Programmin Projects\C++\Text Adventure\TextAdventure\TextAdventure\Debug\CL.read.1.tlog
C:\Users\Gandalf\Desktop\Programmin Projects\C++\Text Adventure\TextAdventure\TextAdventure\Debug\CL.write.1.tlog
C:\Users\Gandalf\Desktop\Programmin Projects\C++\Text Adventure\TextAdventure\TextAdventure\Debug\link-cvtres.read.1.tlog
C:\Users\Gandalf\Desktop\Programmin Projects\C++\Text Adventure\TextAdventure\TextAdventure\Debug\link-cvtres.write.1.tlog
C:\Users\Gandalf\Desktop\Programmin Projects\C++\Text Adventure\TextAdventure\TextAdventure\Debug\link-rc.read.1.tlog
C:\Users\Gandalf\Desktop\Programmin Projects\C++\Text Adventure\TextAdventure\TextAdventure\Debug\link-rc.write.1.tlog
C:\Users\Gandalf\Desktop\Programmin Projects\C++\Text Adventure\TextAdventure\TextAdventure\Debug\link.11332-cvtres.read.1.tlog
C:\Users\Gandalf\Desktop\Programmin Projects\C++\Text Adventure\TextAdventure\TextAdventure\Debug\link.11332-cvtres.write.1.tlog
C:\Users\Gandalf\Desktop\Programmin Projects\C++\Text Adventure\TextAdventure\TextAdventure\Debug\link.11332-rc.read.1.tlog
C:\Users\Gandalf\Desktop\Programmin Projects\C++\Text Adventure\TextAdventure\TextAdventure\Debug\link.11332-rc.write.1.tlog
C:\Users\Gandalf\Desktop\Programmin Projects\C++\Text Adventure\TextAdventure\TextAdventure\Debug\link.11332.read.1.tlog
C:\Users\Gandalf\Desktop\Programmin Projects\C++\Text Adventure\TextAdventure\TextAdventure\Debug\link.11332.write.1.tlog
C:\Users\Gandalf\Desktop\Programmin Projects\C++\Text Adventure\TextAdventure\TextAdventure\Debug\link.command.1.tlog
C:\Users\Gandalf\Desktop\Programmin Projects\C++\Text Adventure\TextAdventure\TextAdventure\Debug\link.read.1.tlog
C:\Users\Gandalf\Desktop\Programmin Projects\C++\Text Adventure\TextAdventure\TextAdventure\Debug\link.write.1.tlog
C:\Users\Gandalf\Desktop\Programmin Projects\C++\Text Adventure\TextAdventure\TextAdventure\Debug\rc.command.1.tlog
C:\Users\Gandalf\Desktop\Programmin Projects\C++\Text Adventure\TextAdventure\TextAdventure\Debug\rc.read.1.tlog
C:\Users\Gandalf\Desktop\Programmin Projects\C++\Text Adventure\TextAdventure\TextAdventure\Debug\rc.write.1.tlog
C:\Users\Gandalf\Desktop\Programmin Projects\C++\Text Adventure\TextAdventure\TextAdventure\Debug\TextAdventure.res
C:\Users\Gandalf\Desktop\Programmin Projects\C++\Text Adventure\TextAdventure\TextAdventure\Debug\TextAdventure.pch
C:\Users\Gandalf\Desktop\Programmin Projects\C++\Text Adventure\TextAdventure\TextAdventure\Debug\vc110.idb
C:\Users\Gandalf\Desktop\Programmin Projects\C++\Text Adventure\TextAdventure\TextAdventure\Debug\vc110.pdb
C:\Users\Gandalf\Desktop\Programmin Projects\C++\Text Adventure\TextAdventure\Debug\TextAdventure.pdb
C:\Users\Gandalf\Desktop\Programmin Projects\C++\Text Adventure\TextAdventure\Debug\TextAdventure.exe
C:\Users\Gandalf\Desktop\Programmin Projects\C++\Text Adventure\TextAdventure\Debug\TextAdventure.ilk
